{
  message: 'SIGTERM is received',
  level: 'info',
  label: 'UMA',
  timestamp: '2023-06-10T18:22:26.259Z'
}
{
  message: 'Database connected Successfully',
  level: 'info',
  label: 'UMA',
  timestamp: '2023-06-10T18:37:42.323Z'
}
{
  message: 'Application listening on port 5000',
  level: 'info',
  label: 'UMA',
  timestamp: '2023-06-10T18:37:42.408Z'
}
{
  message: 'SIGTERM is received',
  level: 'info',
  label: 'UMA',
  timestamp: '2023-06-10T18:40:32.501Z'
}
{
  message: 'Database connected Successfully',
  level: 'info',
  label: 'UMA',
  timestamp: '2023-06-10T18:41:16.620Z'
}
{
  message: 'Application listening on port 5000',
  level: 'info',
  label: 'UMA',
  timestamp: '2023-06-10T18:41:16.660Z'
}
