{
  message: 'SIGTERM is received',
  level: 'info',
  label: 'UMA',
  timestamp: '2023-06-10T05:07:58.779Z'
}
{
  message: 'Database connected Successfully',
  level: 'info',
  label: 'UMA',
  timestamp: '2023-06-10T05:10:01.577Z'
}
{
  message: 'Application listening on port 5000',
  level: 'info',
  label: 'UMA',
  timestamp: '2023-06-10T05:10:01.596Z'
}
{
  message: 'Database connected Successfully',
  level: 'info',
  label: 'UMA',
  timestamp: '2023-06-10T05:24:34.084Z'
}
{
  message: 'Application listening on port 5000',
  level: 'info',
  label: 'UMA',
  timestamp: '2023-06-10T05:24:34.107Z'
}
{
  message: 'SIGTERM is received',
  level: 'info',
  label: 'UMA',
  timestamp: '2023-06-10T05:25:32.074Z'
}
{
  message: 'Database connected Successfully',
  level: 'info',
  label: 'UMA',
  timestamp: '2023-06-10T05:25:45.685Z'
}
{
  message: 'Application listening on port 5000',
  level: 'info',
  label: 'UMA',
  timestamp: '2023-06-10T05:25:45.702Z'
}
{
  message: 'Database connected Successfully',
  level: 'info',
  label: 'UMA',
  timestamp: '2023-06-10T05:26:57.599Z'
}
{
  message: 'Application listening on port 5000',
  level: 'info',
  label: 'UMA',
  timestamp: '2023-06-10T05:26:57.670Z'
}
{
  message: 'SIGTERM is received',
  level: 'info',
  label: 'UMA',
  timestamp: '2023-06-10T05:28:10.584Z'
}
{
  message: 'Database connected Successfully',
  level: 'info',
  label: 'UMA',
  timestamp: '2023-06-10T05:35:19.091Z'
}
{
  message: 'Application listening on port 5000',
  level: 'info',
  label: 'UMA',
  timestamp: '2023-06-10T05:35:19.109Z'
}
{
  message: 'SIGTERM is received',
  level: 'info',
  label: 'UMA',
  timestamp: '2023-06-10T05:39:51.363Z'
}
{
  message: 'Database connected Successfully',
  level: 'info',
  label: 'UMA',
  timestamp: '2023-06-10T05:40:11.083Z'
}
{
  message: 'Application listening on port 5000',
  level: 'info',
  label: 'UMA',
  timestamp: '2023-06-10T05:40:11.121Z'
}
{
  message: 'Database connected Successfully',
  level: 'info',
  label: 'UMA',
  timestamp: '2023-06-10T05:41:41.447Z'
}
{
  message: 'Application listening on port 5000',
  level: 'info',
  label: 'UMA',
  timestamp: '2023-06-10T05:41:41.472Z'
}
{
  message: 'SIGTERM is received',
  level: 'info',
  label: 'UMA',
  timestamp: '2023-06-10T05:41:42.575Z'
}
{
  message: 'Database connected Successfully',
  level: 'info',
  label: 'UMA',
  timestamp: '2023-06-10T05:42:33.739Z'
}
{
  message: 'Application listening on port 5000',
  level: 'info',
  label: 'UMA',
  timestamp: '2023-06-10T05:42:33.760Z'
}
{
  message: 'SIGTERM is received',
  level: 'info',
  label: 'UMA',
  timestamp: '2023-06-10T05:50:03.562Z'
}
{
  message: 'Database connected Successfully',
  level: 'info',
  label: 'UMA',
  timestamp: '2023-06-10T05:51:33.498Z'
}
{
  message: 'Application listening on port 5000',
  level: 'info',
  label: 'UMA',
  timestamp: '2023-06-10T05:51:33.537Z'
}
