{
  message: 'Database connected Successfully',
  level: 'info',
  label: 'UMA',
  timestamp: '2023-06-12T18:07:36.173Z'
}
{
  message: 'Application listening on port 5000',
  level: 'info',
  label: 'UMA',
  timestamp: '2023-06-12T18:07:36.226Z'
}
{
  message: 'SIGTERM is received',
  level: 'info',
  label: 'UMA',
  timestamp: '2023-06-12T18:08:43.801Z'
}
{
  message: 'Database connected Successfully',
  level: 'info',
  label: 'UMA',
  timestamp: '2023-06-12T18:09:03.126Z'
}
{
  message: 'Application listening on port 5000',
  level: 'info',
  label: 'UMA',
  timestamp: '2023-06-12T18:09:03.146Z'
}
{
  message: 'Database connected Successfully',
  level: 'info',
  label: 'UMA',
  timestamp: '2023-06-12T18:10:21.878Z'
}
{
  message: 'Application listening on port 5000',
  level: 'info',
  label: 'UMA',
  timestamp: '2023-06-12T18:10:21.895Z'
}
{
  message: 'SIGTERM is received',
  level: 'info',
  label: 'UMA',
  timestamp: '2023-06-12T18:10:59.975Z'
}
{
  message: 'Database connected Successfully',
  level: 'info',
  label: 'UMA',
  timestamp: '2023-06-12T18:12:00.673Z'
}
{
  message: 'Application listening on port 5000',
  level: 'info',
  label: 'UMA',
  timestamp: '2023-06-12T18:12:00.690Z'
}
{
  message: 'SIGTERM is received',
  level: 'info',
  label: 'UMA',
  timestamp: '2023-06-12T18:13:22.967Z'
}
{
  message: 'Database connected Successfully',
  level: 'info',
  label: 'UMA',
  timestamp: '2023-06-12T18:13:42.707Z'
}
{
  message: 'Application listening on port 5000',
  level: 'info',
  label: 'UMA',
  timestamp: '2023-06-12T18:13:42.748Z'
}
{
  message: 'SIGTERM is received',
  level: 'info',
  label: 'UMA',
  timestamp: '2023-06-12T18:18:02.902Z'
}
{
  message: 'Database connected Successfully',
  level: 'info',
  label: 'UMA',
  timestamp: '2023-06-12T18:22:17.707Z'
}
{
  message: 'Application listening on port 5000',
  level: 'info',
  label: 'UMA',
  timestamp: '2023-06-12T18:22:17.724Z'
}
{
  message: 'SIGTERM is received',
  level: 'info',
  label: 'UMA',
  timestamp: '2023-06-12T18:24:23.767Z'
}
{
  message: 'Database connected Successfully',
  level: 'info',
  label: 'UMA',
  timestamp: '2023-06-12T18:25:15.624Z'
}
{
  message: 'Application listening on port 5000',
  level: 'info',
  label: 'UMA',
  timestamp: '2023-06-12T18:25:15.641Z'
}
{
  message: 'Database connected Successfully',
  level: 'info',
  label: 'UMA',
  timestamp: '2023-06-12T18:26:19.897Z'
}
{
  message: 'Application listening on port 5000',
  level: 'info',
  label: 'UMA',
  timestamp: '2023-06-12T18:26:19.915Z'
}
{
  message: 'SIGTERM is received',
  level: 'info',
  label: 'UMA',
  timestamp: '2023-06-12T18:26:56.365Z'
}
{
  message: 'Database connected Successfully',
  level: 'info',
  label: 'UMA',
  timestamp: '2023-06-12T18:27:19.457Z'
}
{
  message: 'Application listening on port 5000',
  level: 'info',
  label: 'UMA',
  timestamp: '2023-06-12T18:27:19.479Z'
}
{
  message: 'Database connected Successfully',
  level: 'info',
  label: 'UMA',
  timestamp: '2023-06-12T18:28:18.454Z'
}
{
  message: 'Application listening on port 5000',
  level: 'info',
  label: 'UMA',
  timestamp: '2023-06-12T18:28:18.472Z'
}
{
  message: 'Database connected Successfully',
  level: 'info',
  label: 'UMA',
  timestamp: '2023-06-12T18:31:03.276Z'
}
{
  message: 'Application listening on port 5000',
  level: 'info',
  label: 'UMA',
  timestamp: '2023-06-12T18:31:03.293Z'
}
{
  message: 'Database connected Successfully',
  level: 'info',
  label: 'UMA',
  timestamp: '2023-06-12T18:31:28.876Z'
}
{
  message: 'Application listening on port 5000',
  level: 'info',
  label: 'UMA',
  timestamp: '2023-06-12T18:31:28.914Z'
}
{
  message: 'SIGTERM is received',
  level: 'info',
  label: 'UMA',
  timestamp: '2023-06-12T18:33:03.635Z'
}
{
  message: 'Database connected Successfully',
  level: 'info',
  label: 'UMA',
  timestamp: '2023-06-12T18:33:15.786Z'
}
{
  message: 'Application listening on port 5000',
  level: 'info',
  label: 'UMA',
  timestamp: '2023-06-12T18:33:15.811Z'
}
{
  message: 'SIGTERM is received',
  level: 'info',
  label: 'UMA',
  timestamp: '2023-06-12T18:33:59.426Z'
}
{
  message: 'Database connected Successfully',
  level: 'info',
  label: 'UMA',
  timestamp: '2023-06-12T18:34:10.100Z'
}
{
  message: 'Application listening on port 5000',
  level: 'info',
  label: 'UMA',
  timestamp: '2023-06-12T18:34:10.146Z'
}
{
  message: 'SIGTERM is received',
  level: 'info',
  label: 'UMA',
  timestamp: '2023-06-12T18:35:33.371Z'
}
