{
  message: 'SIGTERM is received',
  level: 'info',
  label: 'UMA',
  timestamp: '2023-06-12T14:07:35.050Z'
}
{
  message: 'Database connected Successfully',
  level: 'info',
  label: 'UMA',
  timestamp: '2023-06-12T14:07:37.966Z'
}
{
  message: 'Application listening on port 5000',
  level: 'info',
  label: 'UMA',
  timestamp: '2023-06-12T14:07:37.979Z'
}
{
  message: 'Database connected Successfully',
  level: 'info',
  label: 'UMA',
  timestamp: '2023-06-12T14:11:42.584Z'
}
{
  message: 'Application listening on port 5000',
  level: 'info',
  label: 'UMA',
  timestamp: '2023-06-12T14:11:42.604Z'
}
{
  message: 'SIGTERM is received',
  level: 'info',
  label: 'UMA',
  timestamp: '2023-06-12T14:12:14.014Z'
}
{
  message: 'Database connected Successfully',
  level: 'info',
  label: 'UMA',
  timestamp: '2023-06-12T14:12:41.634Z'
}
{
  message: 'Application listening on port 5000',
  level: 'info',
  label: 'UMA',
  timestamp: '2023-06-12T14:12:41.668Z'
}
{
  message: 'Database connected Successfully',
  level: 'info',
  label: 'UMA',
  timestamp: '2023-06-12T14:13:16.573Z'
}
{
  message: 'Application listening on port 5000',
  level: 'info',
  label: 'UMA',
  timestamp: '2023-06-12T14:13:16.609Z'
}
{
  message: 'SIGTERM is received',
  level: 'info',
  label: 'UMA',
  timestamp: '2023-06-12T14:13:48.651Z'
}
