{
  message: 'Database connected Successfully',
  level: 'info',
  label: 'UMA',
  timestamp: '2023-06-13T05:48:12.896Z'
}
{
  message: 'Application listening on port 5000',
  level: 'info',
  label: 'UMA',
  timestamp: '2023-06-13T05:48:12.950Z'
}
{
  message: 'SIGTERM is received',
  level: 'info',
  label: 'UMA',
  timestamp: '2023-06-13T05:52:14.033Z'
}
{
  message: 'Database connected Successfully',
  level: 'info',
  label: 'UMA',
  timestamp: '2023-06-13T05:52:46.839Z'
}
{
  message: 'Application listening on port 5000',
  level: 'info',
  label: 'UMA',
  timestamp: '2023-06-13T05:52:46.856Z'
}
{
  message: 'Database connected Successfully',
  level: 'info',
  label: 'UMA',
  timestamp: '2023-06-13T05:53:47.581Z'
}
{
  message: 'Database connected Successfully',
  level: 'info',
  label: 'UMA',
  timestamp: '2023-06-13T05:54:44.584Z'
}
{
  message: 'Database connected Successfully',
  level: 'info',
  label: 'UMA',
  timestamp: '2023-06-13T05:55:52.658Z'
}
{
  message: 'Database connected Successfully',
  level: 'info',
  label: 'UMA',
  timestamp: '2023-06-13T05:57:45.962Z'
}
